commit ae67812d64809de611ed6fc40551692193232c50
Author: Glenn Downing <downing@cs.utexas.edu>
Date:   Fri Jun 10 09:15:10 2016 -0500

    another commit

commit 35f49dfcf40162fc7bc78f1f127524358f25c9a2
Author: Glenn Downing <downing@cs.utexas.edu>
Date:   Fri Jun 10 09:09:27 2016 -0500

    another commit

commit 2aa11a59f3a89080769387b94e59746dee97a0c3
Author: Glenn Downing <downing@cs.utexas.edu>
Date:   Tue Jun 7 12:24:45 2016 -0500

    another commit

commit c879bc023f357f0969bfb94c553ac6182eef7252
Author: Glenn Downing <downing@cs.utexas.edu>
Date:   Tue Jun 7 12:18:28 2016 -0500

    another commit

commit eb166b60db6f75c86ea94573f5debf5b51dc2f11
Author: Glenn Downing <downing@cs.utexas.edu>
Date:   Tue Jun 7 12:17:19 2016 -0500

    another commit

commit 1ff0d644800a94544a9d04daec2f82784c039509
Author: Glenn Downing <downing@cs.utexas.edu>
Date:   Tue Jun 7 11:59:41 2016 -0500

    another commit

commit a9ad0ca0299b92c1c2577d8308f0eccc505ffb44
Author: Glenn Downing <downing@cs.utexas.edu>
Date:   Tue Jun 7 11:57:46 2016 -0500

    another commit

commit 8b41a84fb74113417128dc4f0b327635581e2b3e
Author: Glenn Downing <downing@cs.utexas.edu>
Date:   Tue Jun 7 11:50:45 2016 -0500

    another commit

commit 20effefbd15d83ac715f3d66dcf053f0209932d8
Author: Glenn Downing <downing@cs.utexas.edu>
Date:   Tue Jun 7 11:49:27 2016 -0500

    another commit

commit dd8720e556ad17bd86385773046981c12e2441e7
Author: Glenn Downing <downing@cs.utexas.edu>
Date:   Tue Jun 7 08:59:56 2016 -0500

    another commit

commit e3eb50119535b77bc40c3d85342ee4aa21cc4938
Author: Glenn Downing <downing@cs.utexas.edu>
Date:   Mon Jun 6 23:35:26 2016 -0500

    another commit

commit a0b148aee96648c094a9001ec322d43468219459
Author: Glenn Downing <downing@cs.utexas.edu>
Date:   Mon Jun 6 22:56:29 2016 -0500

    another commit

commit b6ba91acd974cbaa35994bb8b964d901ff2f1afd
Author: Glenn Downing <downing@cs.utexas.edu>
Date:   Sun Jun 5 12:13:19 2016 -0500

    another commit

commit 382b23c12173eb23f4ed0cbba344e8ed5a3647e2
Author: Glenn Downing <downing@cs.utexas.edu>
Date:   Sun Jun 5 09:34:23 2016 -0500

    another commit

commit 04e787715392e0a0ec61e7a564ae520de4a9edb4
Author: Glenn Downing <downing@cs.utexas.edu>
Date:   Sun Jun 5 09:21:21 2016 -0500

    another commit

commit 1c8fb3f83402e82c50ee06aac8d661e57b2046e5
Author: Glenn Downing <downing@cs.utexas.edu>
Date:   Thu Jun 2 18:13:39 2016 -0500

    another commit

commit 78496c155de904738cc3dd8f1fe2a3f1f1957add
Author: Glenn Downing <downing@cs.utexas.edu>
Date:   Thu Jun 2 18:04:13 2016 -0500

    another commit

commit 5710c70d476beb482debb807aaff4b0cd242ba4d
Author: Glenn Downing <downing@cs.utexas.edu>
Date:   Thu Jun 2 18:03:23 2016 -0500

    first commit
