1 10 20
100 200 125
201 210 89
900 1000 174
700000 700000 168
750000 750000 111
800000 800000 132
850000 850000 83
950000 950000 83
999999 999999 259
830001 840000 525
945 728 179
654 119 145
193 873 179
4984 4984 135
51618 51618 172
16518 16518 191
999 999 50
1234 1234 133
421991 423591 356
584521 587554 359
7482 7506 177
8675 8728 203
214 548 144
300 660 145
204 761 171
6028 6057 187
681139 683815 336
5678 5678 130
2344 23488 279
432 23 144
4 3982 238
4389 894372 525
32843 490 308
1 1 1
3 1 8
2122 247161 443
71384 71384 74
127538 127538 150
252 252 110
500051 550050 470
937548 937548 109
2728 545584 470
829391 829391 238
1252 226957 386
77585 77584 139
299550 299549 89
998 906048 525
550051 600050 434
918 918 130
3 8 17
54 10 113
8 1 17
100 10 119
35 88 116
83 100 119
1000 10 179
305 578 144
576 600 119
244 302 123
10000 10 262
217635 218144 262
3910 102894 351
806 849 135
25637 69200 340
67 124 119
27288 102618 351
88562 92572 333
62643 99225 351
262143 262143 226
802586 957072 525
92039 675608 509
658506 714076 504
502521 983572 525
131073 131073 101
476601 9137 449
9997 10012 211
746211 861708 525
318713 202178 443
75656 6334 340
43 214324 383
591 325 144
64789 24 340
457 345982 443
579 145892 375
999999 1 525
35 33 27
234 666 145
3 47 112
35 88 116
14 5 20
5674 5732 174
6643 6423 244
400000 500000 449
193433 194445 329
6157 6232 262
22087 60105 340
19 27 112
43460 65225 340
34275 104374 351
500000 600000 470
68334 432 340
6986 543902 470
7 22345 279
90 23487 279
549722 30 470
9 435789 449
396 4389 238
